[33mCMake Warning:
  Manually-specified variables were not used by the project:

    HUMBLE_ROS
    ROS_EDITION

[0m
/bin/sh: 1: cd: can't cd to /home/nhs/engineer/build/livox_sdk2/sdk_core
gmake[2]: *** [sdk_core/CMakeFiles/livox_lidar_sdk_static.dir/build.make:454ï¼šsdk_core/CMakeFiles/livox_lidar_sdk_static.dir/command_handler/general_command_handler.cpp.o] é”™è¯¯ 2
gmake[2]: *** æ­£åœ¨ç­‰å¾…æœªå®Œæˆçš„ä»»åŠ¡....
/bin/sh: 1: cd: can't cd to /home/nhs/engineer/build/livox_sdk2/sdk_core
gmake[2]: *** [sdk_core/CMakeFiles/livox_lidar_sdk_shared.dir/build.make:370ï¼šsdk_core/CMakeFiles/livox_lidar_sdk_shared.dir/upgrade/livox_lidar_upgrader.cpp.o] é”™è¯¯ 2
gmake[2]: *** æ­£åœ¨ç­‰å¾…æœªå®Œæˆçš„ä»»åŠ¡....
gmake[1]: *** [CMakeFiles/Makefile2:249ï¼šsdk_core/CMakeFiles/livox_lidar_sdk_shared.dir/all] é”™è¯¯ 2
gmake[1]: *** æ­£åœ¨ç­‰å¾…æœªå®Œæˆçš„ä»»åŠ¡....
gmake[1]: *** [CMakeFiles/Makefile2:223ï¼šsdk_core/CMakeFiles/livox_lidar_sdk_static.dir/all] é”™è¯¯ 2
gmake: *** [Makefile:136ï¼šall] é”™è¯¯ 2
