[33mCMake Warning:
  Manually-specified variables were not used by the project:

    HUMBLE_ROS
    ROS_EDITION

[0m
/bin/sh: 1: cd: can't cd to /home/nhs/engineer/build/rmctrl_msgs
gmake[2]: *** [CMakeFiles/rmctrl_msgs__rosidl_generator_py.dir/build.make:152ï¼šCMakeFiles/rmctrl_msgs__rosidl_generator_py.dir/depend] é”™è¯¯ 2
gmake[1]: *** [CMakeFiles/Makefile2:474ï¼šCMakeFiles/rmctrl_msgs__rosidl_generator_py.dir/all] é”™è¯¯ 2
gmake: *** [Makefile:146ï¼šall] é”™è¯¯ 2
